<?xml version="1.0" encoding="UTF-8"?>
<testsuites name="astorSafeRegressionTesting" time="29" tests="0" failures="2" errors="0">
   <testsuite name="astorSafeRegressionTesting" tests="0" failures="2" errors="0" time="29" timestamp="2018-08-31 02:01:45" hostname="Astoria - Astoria-LT32" id="Test Suites/astorSafeRegressionTesting">
      <properties>
         <property name="deviceName" value=""/>
         <property name="devicePlatform" value=""/>
         <property name="logFolder" value="F:\\WorkSpace\\Automation\\PoductsTestGitR\\astorSafeTestScriptsR\\Reports\\astorSafeRegressionTesting\\20180831_020142"/>
         <property name="logFiles" value="F:\\WorkSpace\\Automation\\PoductsTestGitR\\astorSafeTestScriptsR\\Reports\\astorSafeRegressionTesting\\20180831_020142\\execution0.log"/>
         <property name="attachments" value="F:\\WorkSpace\\Automation\\PoductsTestGitR\\astorSafeTestScriptsR\\Reports\\astorSafeRegressionTesting\\20180831_020142\\1535661117449.png, F:\\WorkSpace\\Automation\\PoductsTestGitR\\astorSafeTestScriptsR\\Reports\\astorSafeRegressionTesting\\20180831_020142\\1535661133127.png"/>
         <property name="hostName" value="Astoria - Astoria-LT32"/>
         <property name="os" value="Windows 10 64bit"/>
         <property name="katalonVersion" value="5.6.1.1"/>
         <property name="browser" value="Chrome 68.0.3440.106"/>
         <property name="hostAddress" value="192.168.0.104"/>
         <property name="sessionId" value="cda35d63a7d3815cc31f4c9b8a208f39"/>
         <property name="seleniumVersion" value="3.7.1"/>
         <property name="proxyInformation" value="ProxyInformation{proxyOption=NO_PROXY, proxyServerType=HTTP, password=, proxyServerAddress=, proxyServerPort=0}"/>
         <property name="platform" value="Windows 10"/>
      </properties>
      <testcase name="Test Cases/Common TestCases/TC1_Login To astorSafe Web Application" classname="Test Cases/Common TestCases/TC1_Login To astorSafe Web Application" status="FAILED">
         <failure type="FAILED" message="Unable to set encrypted text for object 'Object Repository/Login Page/Page_astorSafe - Login/input_loginCtrlPassword' (Root cause: javax.crypto.IllegalBlockSizeException: Input length must be multiple of 8 when decrypting with padded cipher)"/>
         <system-out><![CDATA[2018-08-31 02:01:46 - [TEST_CASE][FAILED] - Test Cases/Common TestCases/TC1_Login To astorSafe Web Application: Test Cases/Common TestCases/TC1_Login To astorSafe Web Application FAILED because (of) Unable to set encrypted text for object 'Object Repository/Login Page/Page_astorSafe - Login/input_loginCtrlPassword' (Root cause: javax.crypto.IllegalBlockSizeException: Input length must be multiple of 8 when decrypting with padded cipher)

2018-08-31 02:01:46 - [TEST_STEP][PASSED] - openBrowser: Browser is opened with url: ''

2018-08-31 02:01:52 - [MESSAGE][PASSED] - Browser is opened with url: ''

2018-08-31 02:01:52 - [TEST_STEP][PASSED] - maximizeWindow: Current window maximized

2018-08-31 02:01:53 - [MESSAGE][PASSED] - Current window maximized

2018-08-31 02:01:53 - [TEST_STEP][PASSED] - navigateToUrl: Navigate to 'http://astoria-qa.astorsafe.com/Login.aspx?ReturnUrl=%2f' successfully

2018-08-31 02:01:56 - [MESSAGE][PASSED] - Navigate to 'http://astoria-qa.astorsafe.com/Login.aspx?ReturnUrl=%2f' successfully

2018-08-31 02:01:56 - [TEST_STEP][PASSED] - setText: Text 'admin1' is set on object 'Object Repository/Login Page/Page_astorSafe - Login/input_loginCtrlUserName'

2018-08-31 02:01:57 - [MESSAGE][PASSED] - Text 'admin1' is set on object 'Object Repository/Login Page/Page_astorSafe - Login/input_loginCtrlUserName'

2018-08-31 02:01:57 - [TEST_STEP][FAILED] - setEncryptedText: Unable to set encrypted text for object 'Object Repository/Login Page/Page_astorSafe - Login/input_loginCtrlPassword' (Root cause: javax.crypto.IllegalBlockSizeException: Input length must be multiple of 8 when decrypting with padded cipher)

2018-08-31 02:01:59 - [MESSAGE][FAILED] - Unable to set encrypted text for object 'Object Repository/Login Page/Page_astorSafe - Login/input_loginCtrlPassword' (Root cause: javax.crypto.IllegalBlockSizeException: Input length must be multiple of 8 when decrypting with padded cipher)
[[ATTACHMENT|F:\\WorkSpace\\Automation\\PoductsTestGitR\\astorSafeTestScriptsR\\Reports\\astorSafeRegressionTesting\\20180831_020142\\1535661117449.png]]]]></system-out>
         <system-err><![CDATA[2018-08-31 02:01:46 - [TEST_CASE][FAILED] - Test Cases/Common TestCases/TC1_Login To astorSafe Web Application: Test Cases/Common TestCases/TC1_Login To astorSafe Web Application FAILED because (of) Unable to set encrypted text for object 'Object Repository/Login Page/Page_astorSafe - Login/input_loginCtrlPassword' (Root cause: javax.crypto.IllegalBlockSizeException: Input length must be multiple of 8 when decrypting with padded cipher)]]></system-err>
      </testcase>
      <testcase name="Test Cases/Main TestCases/TC1_Verify Login With Valid Credentials" classname="Test Cases/Main TestCases/TC1_Verify Login With Valid Credentials" status="FAILED">
         <failure type="FAILED" message="Unable to set encrypted text for object 'Object Repository/Login Page/Page_astorSafe - Login/input_loginCtrlPassword' (Root cause: javax.crypto.IllegalBlockSizeException: Input length must be multiple of 8 when decrypting with padded cipher)"/>
         <system-out><![CDATA[2018-08-31 02:01:59 - [TEST_CASE][FAILED] - Test Cases/Main TestCases/TC1_Verify Login With Valid Credentials: Test Cases/Main TestCases/TC1_Verify Login With Valid Credentials FAILED because (of) Unable to set encrypted text for object 'Object Repository/Login Page/Page_astorSafe - Login/input_loginCtrlPassword' (Root cause: javax.crypto.IllegalBlockSizeException: Input length must be multiple of 8 when decrypting with padded cipher)

2018-08-31 02:01:59 - [TEST_STEP][PASSED] - openBrowser: Browser is opened with url: ''

2018-08-31 02:01:59 - [MESSAGE][WARNING] - A browser is already opened. Closing browser and opening a new one

2018-08-31 02:02:04 - [MESSAGE][PASSED] - Browser is opened with url: ''

2018-08-31 02:02:04 - [TEST_STEP][PASSED] - maximizeWindow: Current window maximized

2018-08-31 02:02:06 - [MESSAGE][PASSED] - Current window maximized

2018-08-31 02:02:06 - [TEST_STEP][PASSED] - navigateToUrl: Navigate to 'http://astoria-qa.astorsafe.com/Login.aspx?ReturnUrl=%2f' successfully

2018-08-31 02:02:12 - [MESSAGE][PASSED] - Navigate to 'http://astoria-qa.astorsafe.com/Login.aspx?ReturnUrl=%2f' successfully

2018-08-31 02:02:12 - [TEST_STEP][PASSED] - setText: Text 'admin1' is set on object 'Object Repository/Login Page/Page_astorSafe - Login/input_loginCtrlUserName'

2018-08-31 02:02:13 - [MESSAGE][PASSED] - Text 'admin1' is set on object 'Object Repository/Login Page/Page_astorSafe - Login/input_loginCtrlUserName'

2018-08-31 02:02:13 - [TEST_STEP][FAILED] - setEncryptedText: Unable to set encrypted text for object 'Object Repository/Login Page/Page_astorSafe - Login/input_loginCtrlPassword' (Root cause: javax.crypto.IllegalBlockSizeException: Input length must be multiple of 8 when decrypting with padded cipher)

2018-08-31 02:02:14 - [MESSAGE][FAILED] - Unable to set encrypted text for object 'Object Repository/Login Page/Page_astorSafe - Login/input_loginCtrlPassword' (Root cause: javax.crypto.IllegalBlockSizeException: Input length must be multiple of 8 when decrypting with padded cipher)
[[ATTACHMENT|F:\\WorkSpace\\Automation\\PoductsTestGitR\\astorSafeTestScriptsR\\Reports\\astorSafeRegressionTesting\\20180831_020142\\1535661133127.png]]]]></system-out>
         <system-err><![CDATA[2018-08-31 02:01:59 - [TEST_CASE][FAILED] - Test Cases/Main TestCases/TC1_Verify Login With Valid Credentials: Test Cases/Main TestCases/TC1_Verify Login With Valid Credentials FAILED because (of) Unable to set encrypted text for object 'Object Repository/Login Page/Page_astorSafe - Login/input_loginCtrlPassword' (Root cause: javax.crypto.IllegalBlockSizeException: Input length must be multiple of 8 when decrypting with padded cipher)]]></system-err>
      </testcase>
      <system-out><![CDATA[2018-08-31 02:01:45 - [TEST_SUITE][FAILED] - astorSafeRegressionTesting: Test Cases/Common TestCases/TC1_Login To astorSafe Web Application FAILED because (of) Unable to set encrypted text for object 'Object Repository/Login Page/Page_astorSafe - Login/input_loginCtrlPassword' (Root cause: javax.crypto.IllegalBlockSizeException: Input length must be multiple of 8 when decrypting with padded cipher)]]></system-out>
      <system-err><![CDATA[2018-08-31 02:01:45 - [TEST_SUITE][FAILED] - astorSafeRegressionTesting: Test Cases/Common TestCases/TC1_Login To astorSafe Web Application FAILED because (of) Unable to set encrypted text for object 'Object Repository/Login Page/Page_astorSafe - Login/input_loginCtrlPassword' (Root cause: javax.crypto.IllegalBlockSizeException: Input length must be multiple of 8 when decrypting with padded cipher)]]></system-err>
   </testsuite>
</testsuites>
